  Main.cpp
C:\Users\User\Desktop\GroupWork\GroupeWorkOS\FirstSocketApp\Main.cpp(188,85): warning C4267: 'argument': conversion from 'size_t' to 'int', possible loss of data
C:\Users\User\Desktop\GroupWork\GroupeWorkOS\FirstSocketApp\Main.cpp(210,81): warning C4267: 'argument': conversion from 'size_t' to 'int', possible loss of data
C:\Users\User\Desktop\GroupWork\GroupeWorkOS\FirstSocketApp\Main.cpp(222,85): warning C4267: 'argument': conversion from 'size_t' to 'int', possible loss of data
C:\Users\User\Desktop\GroupWork\GroupeWorkOS\FirstSocketApp\Main.cpp(236,73): warning C4267: 'argument': conversion from 'size_t' to 'int', possible loss of data
C:\Users\User\Desktop\GroupWork\GroupeWorkOS\FirstSocketApp\Main.cpp(300,81): warning C4267: 'argument': conversion from 'size_t' to 'int', possible loss of data
C:\Users\User\Desktop\GroupWork\GroupeWorkOS\FirstSocketApp\Main.cpp(65,10): warning C4101: 'recvbuf': unreferenced local variable
C:\Users\User\Desktop\GroupWork\GroupeWorkOS\FirstSocketApp\Main.cpp(64,9): warning C4101: 'iSendResult': unreferenced local variable
<<<<<<< HEAD
C:\Users\User\Desktop\GroupWork\GroupeWorkOS\FirstSocketApp\Main.cpp(356,76): warning C4267: 'argument': conversion from 'size_t' to 'int', possible loss of data
C:\Users\User\Desktop\GroupWork\GroupeWorkOS\FirstSocketApp\Main.cpp(377,100): warning C4267: 'argument': conversion from 'size_t' to 'int', possible loss of data
C:\Users\User\Desktop\GroupWork\GroupeWorkOS\FirstSocketApp\Main.cpp(385,76): warning C4267: 'argument': conversion from 'size_t' to 'int', possible loss of data
C:\Users\User\Desktop\GroupWork\GroupeWorkOS\FirstSocketApp\Main.cpp(387,76): warning C4267: 'argument': conversion from 'size_t' to 'int', possible loss of data
C:\Users\User\Desktop\GroupWork\GroupeWorkOS\FirstSocketApp\Main.cpp(408,72): warning C4267: 'argument': conversion from 'size_t' to 'int', possible loss of data
C:\Users\User\Desktop\GroupWork\GroupeWorkOS\FirstSocketApp\Main.cpp(437,83): warning C4267: 'argument': conversion from 'size_t' to 'int', possible loss of data
C:\Users\User\Desktop\GroupWork\GroupeWorkOS\FirstSocketApp\Main.cpp(438,65): warning C4267: 'argument': conversion from 'size_t' to 'DWORD', possible loss of data
C:\Users\User\Desktop\GroupWork\GroupeWorkOS\FirstSocketApp\Main.cpp(456,83): warning C4267: 'argument': conversion from 'size_t' to 'int', possible loss of data
C:\Users\User\Desktop\GroupWork\GroupeWorkOS\FirstSocketApp\Main.cpp(457,65): warning C4267: 'argument': conversion from 'size_t' to 'DWORD', possible loss of data
=======
C:\Users\User\Desktop\GroupWork\GroupeWorkOS\FirstSocketApp\Main.cpp(360,76): warning C4267: 'argument': conversion from 'size_t' to 'int', possible loss of data
C:\Users\User\Desktop\GroupWork\GroupeWorkOS\FirstSocketApp\Main.cpp(381,100): warning C4267: 'argument': conversion from 'size_t' to 'int', possible loss of data
C:\Users\User\Desktop\GroupWork\GroupeWorkOS\FirstSocketApp\Main.cpp(389,76): warning C4267: 'argument': conversion from 'size_t' to 'int', possible loss of data
C:\Users\User\Desktop\GroupWork\GroupeWorkOS\FirstSocketApp\Main.cpp(391,76): warning C4267: 'argument': conversion from 'size_t' to 'int', possible loss of data
C:\Users\User\Desktop\GroupWork\GroupeWorkOS\FirstSocketApp\Main.cpp(411,72): warning C4267: 'argument': conversion from 'size_t' to 'int', possible loss of data
C:\Users\User\Desktop\GroupWork\GroupeWorkOS\FirstSocketApp\Main.cpp(440,83): warning C4267: 'argument': conversion from 'size_t' to 'int', possible loss of data
C:\Users\User\Desktop\GroupWork\GroupeWorkOS\FirstSocketApp\Main.cpp(441,65): warning C4267: 'argument': conversion from 'size_t' to 'DWORD', possible loss of data
C:\Users\User\Desktop\GroupWork\GroupeWorkOS\FirstSocketApp\Main.cpp(459,83): warning C4267: 'argument': conversion from 'size_t' to 'int', possible loss of data
C:\Users\User\Desktop\GroupWork\GroupeWorkOS\FirstSocketApp\Main.cpp(460,65): warning C4267: 'argument': conversion from 'size_t' to 'DWORD', possible loss of data
>>>>>>> 9b92353ebf0a0299b2203858f44fe11d44ea42bf
  FirstSocketApp.vcxproj -> C:\Users\User\Desktop\GroupWork\GroupeWorkOS\FirstSocketApp\x64\Debug\FirstSocketApp.exe
